<?xml version="1.0" encoding="UTF-8"?>
<testsuite xmlns:xsi="http://www.w3.org/2001/XMLSchema-instance" xsi:noNamespaceSchemaLocation="https://maven.apache.org/surefire/maven-surefire-plugin/xsd/surefire-test-report-3.0.xsd" version="3.0" name="com.model.DataLoaderTest" time="0.027" tests="1" errors="1" skipped="0" failures="0">
  <properties>
    <property name="java.specification.version" value="20"/>
    <property name="sun.cpu.isalist" value="amd64"/>
    <property name="sun.jnu.encoding" value="Cp1252"/>
    <property name="java.class.path" value="C:\USC\Second Year 2024-25\CSCE 247\KeyQuest\KeyQuest\target\test-classes;C:\Users\jwhit\.m2\repository\com\io7m\xom\xom\1.2.10\xom-1.2.10.jar;C:\Users\jwhit\.m2\repository\xml-apis\xml-apis\1.3.03\xml-apis-1.3.03.jar;C:\Users\jwhit\.m2\repository\xalan\xalan\2.7.0\xalan-2.7.0.jar;C:\Users\jwhit\.m2\repository\org\openjfx\javafx-controls\13\javafx-controls-13.jar;C:\Users\jwhit\.m2\repository\org\openjfx\javafx-graphics\13\javafx-graphics-13.jar;C:\Users\jwhit\.m2\repository\org\openjfx\javafx-base\13\javafx-base-13.jar;C:\Users\jwhit\.m2\repository\org\openjfx\javafx-fxml\13\javafx-fxml-13.jar;C:\Users\jwhit\.m2\repository\xerces\xercesImpl\2.12.0\xercesImpl-2.12.0.jar;"/>
    <property name="java.vm.vendor" value="Oracle Corporation"/>
    <property name="sun.arch.data.model" value="64"/>
    <property name="user.variant" value=""/>
    <property name="java.vendor.url" value="https://java.oracle.com/"/>
    <property name="user.timezone" value="America/New_York"/>
    <property name="os.name" value="Windows 11"/>
    <property name="java.vm.specification.version" value="20"/>
    <property name="user.country" value="US"/>
    <property name="sun.java.launcher" value="SUN_STANDARD"/>
    <property name="sun.boot.library.path" value="C:\Program Files\Java\jdk-20\bin"/>
    <property name="sun.java.command" value="org.apache.maven.surefire.booter.ForkedBooter C:\Users\jwhit\AppData\Local\Temp\surefire10637098403108885041 2025-04-02T01-05-20_994-jvmRun1 surefire-20250402010521400_1tmp surefire_0-20250402010521400_2tmp"/>
    <property name="jdk.debug" value="release"/>
    <property name="test" value="com.model.DataLoaderTest#testLoadingSongs"/>
    <property name="surefire.test.class.path" value="C:\USC\Second Year 2024-25\CSCE 247\KeyQuest\KeyQuest\target\test-classes;C:\Users\jwhit\.m2\repository\com\io7m\xom\xom\1.2.10\xom-1.2.10.jar;C:\Users\jwhit\.m2\repository\xml-apis\xml-apis\1.3.03\xml-apis-1.3.03.jar;C:\Users\jwhit\.m2\repository\xalan\xalan\2.7.0\xalan-2.7.0.jar;C:\Users\jwhit\.m2\repository\org\openjfx\javafx-controls\13\javafx-controls-13.jar;C:\Users\jwhit\.m2\repository\org\openjfx\javafx-graphics\13\javafx-graphics-13.jar;C:\Users\jwhit\.m2\repository\org\openjfx\javafx-base\13\javafx-base-13.jar;C:\Users\jwhit\.m2\repository\org\openjfx\javafx-fxml\13\javafx-fxml-13.jar;C:\Users\jwhit\.m2\repository\xerces\xercesImpl\2.12.0\xercesImpl-2.12.0.jar;"/>
    <property name="sun.cpu.endian" value="little"/>
    <property name="user.home" value="C:\Users\jwhit"/>
    <property name="user.language" value="en"/>
    <property name="java.specification.vendor" value="Oracle Corporation"/>
    <property name="jdk.module.path" value="C:\USC\Second Year 2024-25\CSCE 247\KeyQuest\KeyQuest\target\classes;C:\Users\jwhit\.m2\repository\junit\junit\4.13.2\junit-4.13.2.jar;C:\Users\jwhit\.m2\repository\com\github\JensPiegsa\jfugue\5.0.9\jfugue-5.0.9.jar;C:\Users\jwhit\.m2\repository\com\googlecode\json-simple\json-simple\1.1.1\json-simple-1.1.1.jar;C:\Users\jwhit\.m2\repository\org\openjfx\javafx-controls\13\javafx-controls-13-win.jar;C:\Users\jwhit\.m2\repository\org\openjfx\javafx-graphics\13\javafx-graphics-13-win.jar;C:\Users\jwhit\.m2\repository\org\openjfx\javafx-base\13\javafx-base-13-win.jar;C:\Users\jwhit\.m2\repository\org\openjfx\javafx-fxml\13\javafx-fxml-13-win.jar"/>
    <property name="java.version.date" value="2023-07-18"/>
    <property name="java.home" value="C:\Program Files\Java\jdk-20"/>
    <property name="file.separator" value="\"/>
    <property name="basedir" value="C:\USC\Second Year 2024-25\CSCE 247\KeyQuest\KeyQuest"/>
    <property name="java.vm.compressedOopsMode" value="Zero based"/>
    <property name="line.separator" value="&#10;"/>
    <property name="java.vm.specification.vendor" value="Oracle Corporation"/>
    <property name="java.specification.name" value="Java Platform API Specification"/>
    <property name="surefire.real.class.path" value="C:\Users\jwhit\.m2\repository\org\apache\maven\surefire\surefire-booter\3.2.5\surefire-booter-3.2.5.jar;C:\Users\jwhit\.m2\repository\org\apache\maven\surefire\surefire-api\3.2.5\surefire-api-3.2.5.jar;C:\Users\jwhit\.m2\repository\org\apache\maven\surefire\surefire-logger-api\3.2.5\surefire-logger-api-3.2.5.jar;C:\Users\jwhit\.m2\repository\org\apache\maven\surefire\surefire-shared-utils\3.2.5\surefire-shared-utils-3.2.5.jar;C:\Users\jwhit\.m2\repository\org\apache\maven\surefire\surefire-extensions-spi\3.2.5\surefire-extensions-spi-3.2.5.jar;C:\USC\Second Year 2024-25\CSCE 247\KeyQuest\KeyQuest\target\test-classes;C:\Users\jwhit\.m2\repository\com\io7m\xom\xom\1.2.10\xom-1.2.10.jar;C:\Users\jwhit\.m2\repository\xml-apis\xml-apis\1.3.03\xml-apis-1.3.03.jar;C:\Users\jwhit\.m2\repository\xalan\xalan\2.7.0\xalan-2.7.0.jar;C:\Users\jwhit\.m2\repository\org\openjfx\javafx-controls\13\javafx-controls-13.jar;C:\Users\jwhit\.m2\repository\org\openjfx\javafx-graphics\13\javafx-graphics-13.jar;C:\Users\jwhit\.m2\repository\org\openjfx\javafx-base\13\javafx-base-13.jar;C:\Users\jwhit\.m2\repository\org\openjfx\javafx-fxml\13\javafx-fxml-13.jar;C:\Users\jwhit\.m2\repository\xerces\xercesImpl\2.12.0\xercesImpl-2.12.0.jar;C:\Users\jwhit\.m2\repository\org\apache\maven\surefire\surefire-junit4\3.2.5\surefire-junit4-3.2.5.jar;C:\Users\jwhit\.m2\repository\org\apache\maven\surefire\common-java5\3.2.5\common-java5-3.2.5.jar;C:\Users\jwhit\.m2\repository\org\apache\maven\surefire\common-junit3\3.2.5\common-junit3-3.2.5.jar;C:\Users\jwhit\.m2\repository\org\apache\maven\surefire\common-junit4\3.2.5\common-junit4-3.2.5.jar"/>
    <property name="user.script" value=""/>
    <property name="sun.management.compiler" value="HotSpot 64-Bit Tiered Compilers"/>
    <property name="java.runtime.version" value="20.0.2+9-78"/>
    <property name="user.name" value="jwhit"/>
    <property name="stdout.encoding" value="Cp1252"/>
    <property name="path.separator" value=";"/>
    <property name="os.version" value="10.0"/>
    <property name="java.runtime.name" value="Java(TM) SE Runtime Environment"/>
    <property name="file.encoding" value="UTF-8"/>
    <property name="java.vm.name" value="Java HotSpot(TM) 64-Bit Server VM"/>
    <property name="maven.ext.class.path" value="C:\Users\jwhit\.vscode\extensions\oracle.oracle-java-23.1.0\nbcode\java\maven-nblib\netbeans-eventspy.jar"/>
    <property name="localRepository" value="C:\Users\jwhit\.m2\repository"/>
    <property name="java.vendor.url.bug" value="https://bugreport.java.com/bugreport/"/>
    <property name="java.io.tmpdir" value="C:\Users\jwhit\AppData\Local\Temp\"/>
    <property name="java.version" value="20.0.2"/>
    <property name="user.dir" value="C:\USC\Second Year 2024-25\CSCE 247\KeyQuest\KeyQuest"/>
    <property name="os.arch" value="amd64"/>
    <property name="java.vm.specification.name" value="Java Virtual Machine Specification"/>
    <property name="sun.os.patch.level" value=""/>
    <property name="native.encoding" value="Cp1252"/>
    <property name="java.library.path" value="C:\Program Files\Java\jdk-20\bin;C:\WINDOWS\Sun\Java\bin;C:\WINDOWS\system32;C:\WINDOWS;c:\devkitPro\msys2\usr\bin;C:\Python312\Scripts\;C:\Python312\;C:\Program Files\Common Files\Oracle\Java\javapath;C:\Program Files (x86)\Common Files\Oracle\Java\java8path;C:\Program Files (x86)\Common Files\Oracle\Java\javapath;C:\Windows\system32;C:\Windows;C:\Windows\System32\Wbem;C:\Windows\System32\WindowsPowerShell\v1.0\;C:\Windows\System32\OpenSSH\;C:\Program Files (x86)\NVIDIA Corporation\PhysX\Common;C:\WINDOWS\system32;C:\WINDOWS;C:\WINDOWS\System32\Wbem;C:\WINDOWS\System32\WindowsPowerShell\v1.0\;C:\WINDOWS\System32\OpenSSH\;C:\Program Files\Wolfram Research\WolframScript\;C:\Program Files\dotnet\;C:\ProgramData\chocolatey\bin;C:\Program Files\Git\cmd;C:\Program Files\Go\bin;C:\Program Files\nodejs\;C:\Program Files\MATLAB\R2024a\bin;;C:\Program Files\NVIDIA Corporation\NVIDIA app\NvDLISR;C:\Users\jwhit\AppData\Local\Microsoft\WindowsApps;C:\Users\jwhit\AppData\Local\Programs\Microsoft VS Code\bin;C:\devkitPro\tools\bin;C:\devkitPro\devkitARM\bin;C:\Users\jwhit\go\bin;C:\Users\jwhit\AppData\Roaming\npm;C:\Users\jwhit\AppData\Local\GitHubDesktop\bin;C:\Users\jwhit\.dotnet\tools;;."/>
    <property name="java.vm.info" value="mixed mode"/>
    <property name="stderr.encoding" value="Cp1252"/>
    <property name="java.vendor" value="Oracle Corporation"/>
    <property name="java.vm.version" value="20.0.2+9-78"/>
    <property name="sun.io.unicode.encoding" value="UnicodeLittle"/>
    <property name="java.class.version" value="64.0"/>
  </properties>
  <testcase name="initializationError" classname="com.model.DataLoaderTest" time="0.006">
    <error message="org/hamcrest/SelfDescribing" type="java.lang.NoClassDefFoundError"><![CDATA[java.lang.NoClassDefFoundError: org/hamcrest/SelfDescribing
	at java.base/java.lang.ClassLoader.defineClass1(Native Method)
	at java.base/java.lang.ClassLoader.defineClass(ClassLoader.java:1013)
	at java.base/java.lang.ClassLoader.defineClass(ClassLoader.java:1091)
	at java.base/java.security.SecureClassLoader.defineClass(SecureClassLoader.java:182)
	at java.base/jdk.internal.loader.BuiltinClassLoader.defineClass(BuiltinClassLoader.java:821)
	at java.base/jdk.internal.loader.BuiltinClassLoader.findClassInModuleOrNull(BuiltinClassLoader.java:741)
	at java.base/jdk.internal.loader.BuiltinClassLoader.loadClassOrNull(BuiltinClassLoader.java:665)
	at java.base/jdk.internal.loader.BuiltinClassLoader.loadClass(BuiltinClassLoader.java:639)
	at java.base/jdk.internal.loader.ClassLoaders$AppClassLoader.loadClass(ClassLoaders.java:188)
	at java.base/java.lang.ClassLoader.loadClass(ClassLoader.java:521)
	at junit@4.13.2/org.junit.internal.builders.JUnit4Builder.runnerForClass(JUnit4Builder.java:10)
	at junit@4.13.2/org.junit.runners.model.RunnerBuilder.safeRunnerForClass(RunnerBuilder.java:70)
	at junit@4.13.2/org.junit.internal.builders.AllDefaultPossibilitiesBuilder.runnerForClass(AllDefaultPossibilitiesBuilder.java:37)
	at junit@4.13.2/org.junit.runners.model.RunnerBuilder.safeRunnerForClass(RunnerBuilder.java:70)
	at junit@4.13.2/org.junit.internal.requests.ClassRequest.createRunner(ClassRequest.java:28)
	at junit@4.13.2/org.junit.internal.requests.MemoizingRequest.getRunner(MemoizingRequest.java:19)
	at junit@4.13.2/org.junit.internal.requests.FilterRequest.getRunner(FilterRequest.java:36)
	at org.apache.maven.surefire.junit4.JUnit4Provider.execute(JUnit4Provider.java:314)
	at org.apache.maven.surefire.junit4.JUnit4Provider.executeWithRerun(JUnit4Provider.java:240)
	at org.apache.maven.surefire.junit4.JUnit4Provider.executeTestSet(JUnit4Provider.java:214)
	at org.apache.maven.surefire.junit4.JUnit4Provider.invoke(JUnit4Provider.java:155)
	at org.apache.maven.surefire.booter.ForkedBooter.runSuitesInProcess(ForkedBooter.java:385)
	at org.apache.maven.surefire.booter.ForkedBooter.execute(ForkedBooter.java:162)
	at org.apache.maven.surefire.booter.ForkedBooter.run(ForkedBooter.java:507)
	at org.apache.maven.surefire.booter.ForkedBooter.main(ForkedBooter.java:495)
Caused by: java.lang.ClassNotFoundException: org.hamcrest.SelfDescribing
	at java.base/jdk.internal.loader.BuiltinClassLoader.loadClass(BuiltinClassLoader.java:641)
	at java.base/jdk.internal.loader.ClassLoaders$AppClassLoader.loadClass(ClassLoaders.java:188)
	at java.base/java.lang.ClassLoader.loadClass(ClassLoader.java:521)
	... 25 more
]]></error>
  </testcase>
</testsuite>